<?xml version="1.0" encoding="UTF-8"?>
<!-- Generated by org.testng.reporters.JUnitReportReporter -->
<testsuite hostname="RAVIKIRAN-PC" failures="0" tests="1" name="dynamicWebTable.StaticWebTableToGetAnyValueOnSomeCondition" time="9.948" errors="0" timestamp="2022-05-06T00:20:27 IST" skipped="0">
  <testcase classname="dynamicWebTable.StaticWebTableToGetAnyValueOnSomeCondition" name="test" time="9.948"/>
  <system-out/>
</testsuite> <!-- dynamicWebTable.StaticWebTableToGetAnyValueOnSomeCondition -->
