<?xml version="1.0" encoding="UTF-8"?>
<!-- Generated by org.testng.reporters.JUnitReportReporter -->
<testsuite hostname="RAVIKIRAN-PC" failures="0" tests="1" name="dynamicWebTable.DynamicWebTable" time="12.547" errors="0" timestamp="2022-05-05T23:33:22 IST" skipped="0">
  <testcase classname="dynamicWebTable.DynamicWebTable" name="test" time="12.547"/>
  <system-out/>
</testsuite> <!-- dynamicWebTable.DynamicWebTable -->
