<?xml version="1.0" encoding="UTF-8"?>
<!-- Generated by org.testng.reporters.JUnitReportReporter -->
<testsuite hostname="RAVIKIRAN-PC" failures="0" tests="1" name="test1" time="0.008" errors="0" timestamp="2022-04-27T22:55:11 IST" skipped="0">
  <testcase classname="test1" name="printTest" time="0.008"/>
  <system-out/>
</testsuite> <!-- test1 -->
