<?xml version="1.0" encoding="UTF-8"?>
<!-- Generated by org.testng.reporters.JUnitReportReporter -->
<testsuite hostname="RAVIKIRAN-PC" failures="0" tests="1" name="retirementCalculator.calculator" time="27.762" errors="0" timestamp="2022-06-15T15:16:37 IST" skipped="0">
  <testcase classname="retirementCalculator.calculator" name="testToCheckByFillingAllFields" time="27.762"/>
  <system-out/>
</testsuite> <!-- retirementCalculator.calculator -->
